<?xml version="1.0" encoding="UTF-8"?>
<testsuite name="com.example.demo.FreeOrderApplicationTests" tests="1" skipped="0" failures="0" errors="0" timestamp="2023-01-08T03:16:06" hostname="takeMac.local" time="0.144">
  <properties/>
  <testcase name="contextLoads()" classname="com.example.demo.FreeOrderApplicationTests" time="0.144"/>
  <system-out><![CDATA[12:16:04.546 [Test worker] DEBUG org.springframework.test.context.BootstrapUtils - Instantiating CacheAwareContextLoaderDelegate from class [org.springframework.test.context.cache.DefaultCacheAwareContextLoaderDelegate]
12:16:04.550 [Test worker] DEBUG org.springframework.test.context.BootstrapUtils - Instantiating BootstrapContext using constructor [public org.springframework.test.context.support.DefaultBootstrapContext(java.lang.Class,org.springframework.test.context.CacheAwareContextLoaderDelegate)]
12:16:04.563 [Test worker] DEBUG org.springframework.test.context.BootstrapUtils - Instantiating TestContextBootstrapper for test class [com.example.demo.FreeOrderApplicationTests] from class [org.springframework.boot.test.context.SpringBootTestContextBootstrapper]
12:16:04.567 [Test worker] INFO org.springframework.boot.test.context.SpringBootTestContextBootstrapper - Neither @ContextConfiguration nor @ContextHierarchy found for test class [com.example.demo.FreeOrderApplicationTests], using SpringBootContextLoader
12:16:04.568 [Test worker] DEBUG org.springframework.test.context.support.AbstractContextLoader - Did not detect default resource location for test class [com.example.demo.FreeOrderApplicationTests]: class path resource [com/example/demo/FreeOrderApplicationTests-context.xml] does not exist
12:16:04.569 [Test worker] DEBUG org.springframework.test.context.support.AbstractContextLoader - Did not detect default resource location for test class [com.example.demo.FreeOrderApplicationTests]: class path resource [com/example/demo/FreeOrderApplicationTestsContext.groovy] does not exist
12:16:04.569 [Test worker] INFO org.springframework.test.context.support.AbstractContextLoader - Could not detect default resource locations for test class [com.example.demo.FreeOrderApplicationTests]: no resource found for suffixes {-context.xml, Context.groovy}.
12:16:04.569 [Test worker] INFO org.springframework.test.context.support.AnnotationConfigContextLoaderUtils - Could not detect default configuration classes for test class [com.example.demo.FreeOrderApplicationTests]: FreeOrderApplicationTests does not declare any static, non-private, non-final, nested classes annotated with @Configuration.
12:16:04.584 [Test worker] DEBUG org.springframework.test.context.support.ActiveProfilesUtils - Could not find an 'annotation declaring class' for annotation type [org.springframework.test.context.ActiveProfiles] and class [com.example.demo.FreeOrderApplicationTests]
12:16:04.605 [Test worker] DEBUG org.springframework.context.annotation.ClassPathScanningCandidateComponentProvider - Identified candidate component class: file [/Users/ootakehiroki/Desktop/Take_Work/01_program/01_spring/FreeOrder/build/classes/java/main/com/example/demo/FreeOrderApplication.class]
12:16:04.606 [Test worker] INFO org.springframework.boot.test.context.SpringBootTestContextBootstrapper - Found @SpringBootConfiguration com.example.demo.FreeOrderApplication for test class com.example.demo.FreeOrderApplicationTests
12:16:04.641 [Test worker] DEBUG org.springframework.boot.test.context.SpringBootTestContextBootstrapper - @TestExecutionListeners is not present for class [com.example.demo.FreeOrderApplicationTests]: using defaults.
12:16:04.642 [Test worker] INFO org.springframework.boot.test.context.SpringBootTestContextBootstrapper - Loaded default TestExecutionListener class names from location [META-INF/spring.factories]: [org.springframework.security.test.context.support.WithSecurityContextTestExecutionListener, org.springframework.security.test.context.support.ReactorContextTestExecutionListener, org.springframework.boot.test.autoconfigure.restdocs.RestDocsTestExecutionListener, org.springframework.boot.test.autoconfigure.web.client.MockRestServiceServerResetTestExecutionListener, org.springframework.boot.test.autoconfigure.web.servlet.MockMvcPrintOnlyOnFailureTestExecutionListener, org.springframework.boot.test.autoconfigure.web.servlet.WebDriverTestExecutionListener, org.springframework.boot.test.autoconfigure.webservices.client.MockWebServiceServerTestExecutionListener, org.springframework.boot.test.mock.mockito.MockitoTestExecutionListener, org.springframework.boot.test.mock.mockito.ResetMocksTestExecutionListener, org.springframework.test.context.web.ServletTestExecutionListener, org.springframework.test.context.support.DirtiesContextBeforeModesTestExecutionListener, org.springframework.test.context.event.ApplicationEventsTestExecutionListener, org.springframework.test.context.support.DependencyInjectionTestExecutionListener, org.springframework.test.context.support.DirtiesContextTestExecutionListener, org.springframework.test.context.transaction.TransactionalTestExecutionListener, org.springframework.test.context.jdbc.SqlScriptsTestExecutionListener, org.springframework.test.context.event.EventPublishingTestExecutionListener]
12:16:04.651 [Test worker] INFO org.springframework.boot.test.context.SpringBootTestContextBootstrapper - Using TestExecutionListeners: [org.springframework.test.context.web.ServletTestExecutionListener@77b21474, org.springframework.test.context.support.DirtiesContextBeforeModesTestExecutionListener@52d10fb8, org.springframework.test.context.event.ApplicationEventsTestExecutionListener@41c07648, org.springframework.boot.test.mock.mockito.MockitoTestExecutionListener@1fe8d51b, org.springframework.boot.test.autoconfigure.SpringBootDependencyInjectionTestExecutionListener@781e7326, org.springframework.test.context.support.DirtiesContextTestExecutionListener@22680f52, org.springframework.test.context.transaction.TransactionalTestExecutionListener@60d84f61, org.springframework.test.context.jdbc.SqlScriptsTestExecutionListener@39c11e6c, org.springframework.security.test.context.support.WithSecurityContextTestExecutionListener@324dcd31, org.springframework.test.context.event.EventPublishingTestExecutionListener@503d56b5, org.springframework.security.test.context.support.ReactorContextTestExecutionListener@72bca894, org.springframework.boot.test.autoconfigure.restdocs.RestDocsTestExecutionListener@433ffad1, org.springframework.boot.test.autoconfigure.web.client.MockRestServiceServerResetTestExecutionListener@1fc793c2, org.springframework.boot.test.autoconfigure.web.servlet.MockMvcPrintOnlyOnFailureTestExecutionListener@2575f671, org.springframework.boot.test.autoconfigure.web.servlet.WebDriverTestExecutionListener@329a1243, org.springframework.boot.test.autoconfigure.webservices.client.MockWebServiceServerTestExecutionListener@ecf9fb3, org.springframework.boot.test.mock.mockito.ResetMocksTestExecutionListener@2d35442b]
12:16:04.652 [Test worker] DEBUG org.springframework.test.context.support.AbstractDirtiesContextTestExecutionListener - Before test class: context [DefaultTestContext@4cc61eb1 testClass = FreeOrderApplicationTests, testInstance = [null], testMethod = [null], testException = [null], mergedContextConfiguration = [WebMergedContextConfiguration@2d8f2f3a testClass = FreeOrderApplicationTests, locations = '{}', classes = '{class com.example.demo.FreeOrderApplication}', contextInitializerClasses = '[]', activeProfiles = '{}', propertySourceLocations = '{}', propertySourceProperties = '{org.springframework.boot.test.context.SpringBootTestContextBootstrapper=true}', contextCustomizers = set[org.springframework.boot.test.autoconfigure.actuate.metrics.MetricsExportContextCustomizerFactory$DisableMetricExportContextCustomizer@62452cc9, org.springframework.boot.test.autoconfigure.properties.PropertyMappingContextCustomizer@0, org.springframework.boot.test.autoconfigure.web.servlet.WebDriverContextCustomizerFactory$Customizer@2a8d39c4, org.springframework.boot.test.context.filter.ExcludeFilterContextCustomizer@7fc6de5b, org.springframework.boot.test.json.DuplicateJsonObjectContextCustomizerFactory$DuplicateJsonObjectContextCustomizer@5dd91bca, org.springframework.boot.test.mock.mockito.MockitoContextCustomizer@0, org.springframework.boot.test.web.client.TestRestTemplateContextCustomizer@207b8649, org.springframework.boot.test.context.SpringBootTestArgs@1, org.springframework.boot.test.context.SpringBootTestWebEnvironment@21d03963], resourceBasePath = 'src/main/webapp', contextLoader = 'org.springframework.boot.test.context.SpringBootContextLoader', parent = [null]], attributes = map['org.springframework.test.context.web.ServletTestExecutionListener.activateListener' -> true]], class annotated with @DirtiesContext [false] with mode [null].

  .   ____          _            __ _ _
 /\\ / ___'_ __ _ _(_)_ __  __ _ \ \ \ \
( ( )\___ | '_ | '_| | '_ \/ _` | \ \ \ \
 \\/  ___)| |_)| | | | | || (_| |  ) ) ) )
  '  |____| .__|_| |_|_| |_\__, | / / / /
 =========|_|==============|___/=/_/_/_/
 :: Spring Boot ::                (v2.7.4)

2023-01-08 12:16:05.013  INFO 8800 --- [    Test worker] c.e.demo.FreeOrderApplicationTests       : Starting FreeOrderApplicationTests using Java 11.0.17 on takeMac.local with PID 8800 (started by ootakehiroki in /Users/ootakehiroki/Desktop/Take_Work/01_program/01_spring/FreeOrder)
2023-01-08 12:16:05.013  INFO 8800 --- [    Test worker] c.e.demo.FreeOrderApplicationTests       : The following 1 profile is active: "production"
2023-01-08 12:16:05.403  INFO 8800 --- [    Test worker] com.zaxxer.hikari.HikariDataSource       : HikariPool-1 - Starting...
2023-01-08 12:16:05.487  INFO 8800 --- [    Test worker] com.zaxxer.hikari.HikariDataSource       : HikariPool-1 - Start completed.
2023-01-08 12:16:05.704  INFO 8800 --- [    Test worker] o.s.b.a.h2.H2ConsoleAutoConfiguration    : H2 console available at '/h2-console'. Database available at 'jdbc:h2:mem:test'
2023-01-08 12:16:06.088  INFO 8800 --- [    Test worker] o.s.s.web.DefaultSecurityFilterChain     : Will secure any request with [org.springframework.security.web.session.DisableEncodeUrlFilter@68b7bdcb, org.springframework.security.web.context.request.async.WebAsyncManagerIntegrationFilter@d84418a, org.springframework.security.web.context.SecurityContextPersistenceFilter@5eeee124, org.springframework.security.web.header.HeaderWriterFilter@612af486, org.springframework.security.web.csrf.CsrfFilter@6e239337, org.springframework.security.web.authentication.logout.LogoutFilter@26ffd2c0, org.springframework.security.web.authentication.UsernamePasswordAuthenticationFilter@53ba1175, org.springframework.security.web.savedrequest.RequestCacheAwareFilter@4e7bc939, org.springframework.security.web.servletapi.SecurityContextHolderAwareRequestFilter@687a0e40, org.springframework.security.web.authentication.AnonymousAuthenticationFilter@45e11627, org.springframework.security.web.session.SessionManagementFilter@e795a1d, org.springframework.security.web.access.ExceptionTranslationFilter@6d17914a, org.springframework.security.web.access.intercept.FilterSecurityInterceptor@55fb36de]
2023-01-08 12:16:06.245  INFO 8800 --- [    Test worker] c.e.demo.FreeOrderApplicationTests       : Started FreeOrderApplicationTests in 1.579 seconds (JVM running for 2.037)
]]></system-out>
  <system-err><![CDATA[]]></system-err>
</testsuite>
